<?xml version="1.0" encoding="UTF-8"?>
<testsuite name="com.spring.app.JenkinsApplicationTests" tests="1" skipped="0" failures="0" errors="0" timestamp="2026-02-23T02:41:11.680Z" hostname="DESKTOP-D59T20E" time="0.438">
  <properties/>
  <testcase name="contextLoads()" classname="com.spring.app.JenkinsApplicationTests" time="0.438"/>
  <system-out><![CDATA[11:41:09.749 [Test worker] INFO org.springframework.test.context.support.AnnotationConfigContextLoaderUtils -- Could not detect default configuration classes for test class [com.spring.app.JenkinsApplicationTests]: JenkinsApplicationTests does not declare any static, non-private, non-final, nested classes annotated with @Configuration.
11:41:09.812 [Test worker] INFO org.springframework.boot.test.context.SpringBootTestContextBootstrapper -- Found @SpringBootConfiguration com.spring.app.JenkinsApplication for test class com.spring.app.JenkinsApplicationTests

  .   ____          _            __ _ _
 /\\ / ___'_ __ _ _(_)_ __  __ _ \ \ \ \
( ( )\___ | '_ | '_| | '_ \/ _` | \ \ \ \
 \\/  ___)| |_)| | | | | || (_| |  ) ) ) )
  '  |____| .__|_| |_|_| |_\__, | / / / /
 =========|_|==============|___/=/_/_/_/

 :: Spring Boot ::               (v3.5.11)

2026-02-23T11:41:10.109+09:00  INFO 2400 --- [jenkins] [    Test worker] com.spring.app.JenkinsApplicationTests   : Starting JenkinsApplicationTests using Java 17.0.18 with PID 2400 (started by user in C:\NCS\workspace_springboot\jenkins)
2026-02-23T11:41:10.109+09:00 DEBUG 2400 --- [jenkins] [    Test worker] com.spring.app.JenkinsApplicationTests   : Running with Spring Boot v3.5.11, Spring v6.2.16
2026-02-23T11:41:10.116+09:00  INFO 2400 --- [jenkins] [    Test worker] com.spring.app.JenkinsApplicationTests   : The following 1 profile is active: "local"
2026-02-23T11:41:11.655+09:00  INFO 2400 --- [jenkins] [    Test worker] com.spring.app.JenkinsApplicationTests   : Started JenkinsApplicationTests in 1.758 seconds (process running for 2.405)
]]></system-out>
  <system-err><![CDATA[]]></system-err>
</testsuite>
